<?xml version="1.0" encoding="UTF-8"?>
<!-- Generated by org.testng.reporters.JUnitXMLReporter -->
<testsuite hostname="OVAL-L146" ignored="0" name="Default test" tests="3" failures="0" timestamp="18 Jul 2019 01:23:40 GMT" time="58.597" errors="0">
  <testcase name="companylogoexists" time="55.918" classname="com.TestExecution.HomePage"/>
  <testcase name="menuclick" time="1.192" classname="com.TestExecution.HomePage"/>
  <testcase name="DPbutton" time="0.168" classname="com.TestExecution.HomePage"/>
</testsuite> <!-- Default test -->
