<?xml version="1.0" encoding="UTF-8"?>
<!-- Generated by org.testng.reporters.JUnitXMLReporter -->
<testsuite hostname="OVAL-L146" ignored="0" name="Default test" tests="4" failures="0" timestamp="25 Jul 2019 09:13:08 GMT" time="67.872" errors="0">
  <testcase name="companylogoexists" time="64.729" classname="com.TestExecution.HomePage"/>
  <testcase name="menuclick" time="1.198" classname="com.TestExecution.HomePage"/>
  <testcase name="DPName" time="0.171" classname="com.TestExecution.HomePage"/>
  <testcase name="DPupload" time="0.155" classname="com.TestExecution.HomePage"/>
</testsuite> <!-- Default test -->
