<?xml version="1.0" encoding="UTF-8"?>
<testng-results skipped="0" failed="0" ignored="0" total="3" passed="3">
  <reporter-output>
    <line>
      <![CDATA[Attach test cases status to HTML report]]>
    </line>
    <line>
      <![CDATA[Attach all test cases screens with pass statements]]>
    </line>
    <line>
      <![CDATA[HTML Report Generate]]>
    </line>
    <line>
      <![CDATA[Attach test cases status to HTML report]]>
    </line>
    <line>
      <![CDATA[Attach all test cases screens with pass statements]]>
    </line>
    <line>
      <![CDATA[HTML Report Generate]]>
    </line>
    <line>
      <![CDATA[Attach test cases status to HTML report]]>
    </line>
    <line>
      <![CDATA[Attach all test cases screens with pass statements]]>
    </line>
    <line>
      <![CDATA[HTML Report Generate]]>
    </line>
  </reporter-output>
  <suite name="Default suite" duration-ms="58597" started-at="2019-07-18T01:22:41Z" finished-at="2019-07-18T01:23:40Z">
    <groups>
    </groups>
    <test name="Default test" duration-ms="58597" started-at="2019-07-18T01:22:41Z" finished-at="2019-07-18T01:23:40Z">
      <class name="com.TestExecution.HomePage">
        <test-method status="PASS" signature="Firstexecution()[pri:0, instance:com.TestExecution.HomePage@6eda5c9]" name="Firstexecution" is-config="true" duration-ms="154" started-at="2019-07-18T06:52:41Z" finished-at="2019-07-18T06:52:41Z">
          <reporter-output>
          </reporter-output>
        </test-method> <!-- Firstexecution -->
        <test-method status="PASS" signature="companylogoexists()[pri:4, instance:com.TestExecution.HomePage@6eda5c9]" name="companylogoexists" duration-ms="55918" started-at="2019-07-18T06:52:41Z" finished-at="2019-07-18T06:53:37Z">
          <reporter-output>
          </reporter-output>
        </test-method> <!-- companylogoexists -->
        <test-method status="PASS" signature="screenshotattachtoreport(org.testng.ITestResult)[pri:0, instance:com.TestExecution.HomePage@6eda5c9]" name="screenshotattachtoreport" is-config="true" duration-ms="531" started-at="2019-07-18T06:53:37Z" finished-at="2019-07-18T06:53:37Z">
          <params>
            <param index="0">
              <value>
                <![CDATA[[TestResult name=companylogoexists status=SUCCESS method=HomePage.companylogoexists()[pri:4, instance:com.TestExecution.HomePage@6eda5c9] output={null}]]]>
              </value>
            </param>
          </params>
          <reporter-output>
            <line>
              <![CDATA[Attach test cases status to HTML report]]>
            </line>
            <line>
              <![CDATA[Attach all test cases screens with pass statements]]>
            </line>
            <line>
              <![CDATA[HTML Report Generate]]>
            </line>
          </reporter-output>
        </test-method> <!-- screenshotattachtoreport -->
        <test-method status="PASS" signature="menuclick()[pri:5, instance:com.TestExecution.HomePage@6eda5c9]" name="menuclick" duration-ms="1192" started-at="2019-07-18T06:53:37Z" finished-at="2019-07-18T06:53:39Z">
          <reporter-output>
          </reporter-output>
        </test-method> <!-- menuclick -->
        <test-method status="PASS" signature="screenshotattachtoreport(org.testng.ITestResult)[pri:0, instance:com.TestExecution.HomePage@6eda5c9]" name="screenshotattachtoreport" is-config="true" duration-ms="375" started-at="2019-07-18T06:53:39Z" finished-at="2019-07-18T06:53:39Z">
          <params>
            <param index="0">
              <value>
                <![CDATA[[TestResult name=menuclick status=SUCCESS method=HomePage.menuclick()[pri:5, instance:com.TestExecution.HomePage@6eda5c9] output={null}]]]>
              </value>
            </param>
          </params>
          <reporter-output>
            <line>
              <![CDATA[Attach test cases status to HTML report]]>
            </line>
            <line>
              <![CDATA[Attach all test cases screens with pass statements]]>
            </line>
            <line>
              <![CDATA[HTML Report Generate]]>
            </line>
          </reporter-output>
        </test-method> <!-- screenshotattachtoreport -->
        <test-method status="PASS" signature="DPbutton()[pri:6, instance:com.TestExecution.HomePage@6eda5c9]" name="DPbutton" duration-ms="168" started-at="2019-07-18T06:53:39Z" finished-at="2019-07-18T06:53:39Z">
          <reporter-output>
          </reporter-output>
        </test-method> <!-- DPbutton -->
        <test-method status="PASS" signature="screenshotattachtoreport(org.testng.ITestResult)[pri:0, instance:com.TestExecution.HomePage@6eda5c9]" name="screenshotattachtoreport" is-config="true" duration-ms="400" started-at="2019-07-18T06:53:39Z" finished-at="2019-07-18T06:53:40Z">
          <params>
            <param index="0">
              <value>
                <![CDATA[[TestResult name=DPbutton status=SUCCESS method=HomePage.DPbutton()[pri:6, instance:com.TestExecution.HomePage@6eda5c9] output={null}]]]>
              </value>
            </param>
          </params>
          <reporter-output>
            <line>
              <![CDATA[Attach test cases status to HTML report]]>
            </line>
            <line>
              <![CDATA[Attach all test cases screens with pass statements]]>
            </line>
            <line>
              <![CDATA[HTML Report Generate]]>
            </line>
          </reporter-output>
        </test-method> <!-- screenshotattachtoreport -->
      </class> <!-- com.TestExecution.HomePage -->
    </test> <!-- Default test -->
  </suite> <!-- Default suite -->
</testng-results>
